[debug] [2021-02-06T19:26:16.402Z] ----------------------------------------------------------------------
[debug] [2021-02-06T19:26:16.404Z] Command:       /home/dev/.nvm/versions/node/v14.15.3/bin/node /home/dev/.nvm/versions/node/v14.15.3/bin/firebase emulators:start
[debug] [2021-02-06T19:26:16.404Z] CLI Version:   9.3.0
[debug] [2021-02-06T19:26:16.404Z] Platform:      linux
[debug] [2021-02-06T19:26:16.404Z] Node Version:  v14.15.3
[debug] [2021-02-06T19:26:16.405Z] Time:          Sat Feb 06 2021 21:26:16 GMT+0200 (Eastern European Standard Time)
[debug] [2021-02-06T19:26:16.405Z] ----------------------------------------------------------------------
[debug] [2021-02-06T19:26:16.405Z] 
[debug] [2021-02-06T19:26:16.411Z] > command requires scopes: ["email","openid","https://www.googleapis.com/auth/cloudplatformprojects.readonly","https://www.googleapis.com/auth/firebase","https://www.googleapis.com/auth/cloud-platform"]
[debug] [2021-02-06T19:26:16.411Z] > authorizing via signed-in user
[info] i  emulators: Starting emulators: auth, functions {"metadata":{"emulator":{"name":"hub"},"message":"Starting emulators: auth, functions"}}
[debug] [2021-02-06T19:26:16.452Z] [hub] writing locator at /tmp/hub-sigma-902a8.json
[warn] ⚠  functions: The following emulators are not running, calls to these services from the Functions emulator will affect production: firestore, database, hosting, pubsub {"metadata":{"emulator":{"name":"functions"},"message":"The following emulators are not running, calls to these services from the Functions emulator will affect production: \u001b[1mfirestore, database, hosting, pubsub\u001b[22m"}}
[warn] ⚠  Your requested "node" version "12" doesn't match your global version "14" {"metadata":{"emulator":{"name":"functions"},"message":"Your requested \"node\" version \"12\" doesn't match your global version \"14\""}}
[debug] [2021-02-06T19:26:16.478Z] defaultcredentials: writing to file /home/dev/.config/firebase/solovjovs_ivars_gmail.com_application_default_credentials.json
[debug] [2021-02-06T19:26:16.499Z] Setting GAC to /home/dev/.config/firebase/solovjovs_ivars_gmail.com_application_default_credentials.json {"metadata":{"emulator":{"name":"functions"},"message":"Setting GAC to /home/dev/.config/firebase/solovjovs_ivars_gmail.com_application_default_credentials.json"}}
[debug] [2021-02-06T19:26:16.502Z] >>> [apiv2][query] GET https://firebase.googleapis.com/v1beta1/projects/sigma-902a8/adminSdkConfig [none]
[debug] [2021-02-06T19:26:16.913Z] <<< [apiv2][status] GET https://firebase.googleapis.com/v1beta1/projects/sigma-902a8/adminSdkConfig 200
[debug] [2021-02-06T19:26:16.913Z] <<< [apiv2][body] GET https://firebase.googleapis.com/v1beta1/projects/sigma-902a8/adminSdkConfig {"projectId":"sigma-902a8","storageBucket":"sigma-902a8.appspot.com"}
[debug] [2021-02-06T19:26:20.751Z] Ignoring unsupported arg: auto_download {"metadata":{"emulator":{"name":"ui"},"message":"Ignoring unsupported arg: auto_download"}}
[debug] [2021-02-06T19:26:20.752Z] Ignoring unsupported arg: port {"metadata":{"emulator":{"name":"ui"},"message":"Ignoring unsupported arg: port"}}
[debug] [2021-02-06T19:26:20.753Z] Starting Emulator UI with command {"binary":"node","args":["/home/dev/.cache/firebase/emulators/ui-v1.4.1/server.bundle.js"],"optionalArgs":[],"joinArgs":false} {"metadata":{"emulator":{"name":"ui"},"message":"Starting Emulator UI with command {\"binary\":\"node\",\"args\":[\"/home/dev/.cache/firebase/emulators/ui-v1.4.1/server.bundle.js\"],\"optionalArgs\":[],\"joinArgs\":false}"}}
[info] i  ui: Emulator UI logging to ui-debug.log {"metadata":{"emulator":{"name":"ui"},"message":"Emulator UI logging to \u001b[1mui-debug.log\u001b[22m"}}
[debug] [2021-02-06T19:26:20.884Z] Web / API server started at http://127.0.0.1:4000
 {"metadata":{"emulator":{"name":"ui"},"message":"Web / API server started at http://127.0.0.1:4000\n"}}
[info] i  functions: Watching "/home/dev/Projects/Sigma/functions" for Cloud Functions... {"metadata":{"emulator":{"name":"functions"},"message":"Watching \"/home/dev/Projects/Sigma/functions\" for Cloud Functions..."}}
[debug] [2021-02-06T19:26:21.035Z] [worker-pool] addWorker(~diagnostic~) {"metadata":{"emulator":{"name":"functions"},"message":"[worker-pool] addWorker(~diagnostic~)"}}
[debug] [2021-02-06T19:26:21.036Z] [worker-pool] Adding worker with key ~diagnostic~, total=1 {"metadata":{"emulator":{"name":"functions"},"message":"[worker-pool] Adding worker with key ~diagnostic~, total=1"}}
[debug] [2021-02-06T19:26:21.036Z] [worker-pool] submitWork(triggerId=) {"metadata":{"emulator":{"name":"functions"},"message":"[worker-pool] submitWork(triggerId=)"}}
[debug] [2021-02-06T19:26:21.036Z] [worker-~diagnostic~-6bb7eaff-840d-4a6f-978e-5d7b6cea4475]: Assigning socketPath: /tmp/fire_emu_9326.sock {"metadata":{"emulator":{"name":"functions"},"message":"[worker-~diagnostic~-6bb7eaff-840d-4a6f-978e-5d7b6cea4475]: Assigning socketPath: /tmp/fire_emu_9326.sock"}}
[debug] [2021-02-06T19:26:21.037Z] [worker-~diagnostic~-6bb7eaff-840d-4a6f-978e-5d7b6cea4475]: BUSY {"metadata":{"emulator":{"name":"functions"},"message":"[worker-~diagnostic~-6bb7eaff-840d-4a6f-978e-5d7b6cea4475]: BUSY"}}
[debug] [2021-02-06T19:26:21.238Z] [runtime-status] [9326] Functions runtime initialized. {"cwd":"/home/dev/Projects/Sigma/functions","node_version":"14.15.3"} {"metadata":{"emulator":{"name":"functions"},"message":"[runtime-status] [9326] Functions runtime initialized. {\"cwd\":\"/home/dev/Projects/Sigma/functions\",\"node_version\":\"14.15.3\"}"}}
[debug] [2021-02-06T19:26:21.238Z] [runtime-status] [9326] Disabled runtime features: undefined {"metadata":{"emulator":{"name":"functions"},"message":"[runtime-status] [9326] Disabled runtime features: undefined"}}
[debug] [2021-02-06T19:26:21.240Z] [runtime-status] [9326] Resolved module firebase-admin {"declared":true,"installed":true,"version":"9.4.2","resolution":"/home/dev/Projects/Sigma/functions/node_modules/firebase-admin/lib/index.js"} {"metadata":{"emulator":{"name":"functions"},"message":"[runtime-status] [9326] Resolved module firebase-admin {\"declared\":true,\"installed\":true,\"version\":\"9.4.2\",\"resolution\":\"/home/dev/Projects/Sigma/functions/node_modules/firebase-admin/lib/index.js\"}"}}
[debug] [2021-02-06T19:26:21.245Z] [runtime-status] [9326] Resolved module firebase-functions {"declared":true,"installed":true,"version":"3.13.1","resolution":"/home/dev/Projects/Sigma/functions/node_modules/firebase-functions/lib/index.js"} {"metadata":{"emulator":{"name":"functions"},"message":"[runtime-status] [9326] Resolved module firebase-functions {\"declared\":true,\"installed\":true,\"version\":\"3.13.1\",\"resolution\":\"/home/dev/Projects/Sigma/functions/node_modules/firebase-functions/lib/index.js\"}"}}
[debug] [2021-02-06T19:26:21.249Z] [runtime-status] [9326] Resolved module firebase-functions {"declared":true,"installed":true,"version":"3.13.1","resolution":"/home/dev/Projects/Sigma/functions/node_modules/firebase-functions/lib/index.js"} {"metadata":{"emulator":{"name":"functions"},"message":"[runtime-status] [9326] Resolved module firebase-functions {\"declared\":true,\"installed\":true,\"version\":\"3.13.1\",\"resolution\":\"/home/dev/Projects/Sigma/functions/node_modules/firebase-functions/lib/index.js\"}"}}
[debug] [2021-02-06T19:26:21.251Z] [runtime-status] [9326] Outgoing network have been stubbed. [{"name":"http","status":"mocked"},{"name":"http","status":"mocked"},{"name":"https","status":"mocked"},{"name":"https","status":"mocked"},{"name":"net","status":"mocked"}] {"metadata":{"emulator":{"name":"functions"},"message":"[runtime-status] [9326] Outgoing network have been stubbed. [{\"name\":\"http\",\"status\":\"mocked\"},{\"name\":\"http\",\"status\":\"mocked\"},{\"name\":\"https\",\"status\":\"mocked\"},{\"name\":\"https\",\"status\":\"mocked\"},{\"name\":\"net\",\"status\":\"mocked\"}]"}}
[debug] [2021-02-06T19:26:21.251Z] [runtime-status] [9326] Resolved module firebase-functions {"declared":true,"installed":true,"version":"3.13.1","resolution":"/home/dev/Projects/Sigma/functions/node_modules/firebase-functions/lib/index.js"} {"metadata":{"emulator":{"name":"functions"},"message":"[runtime-status] [9326] Resolved module firebase-functions {\"declared\":true,\"installed\":true,\"version\":\"3.13.1\",\"resolution\":\"/home/dev/Projects/Sigma/functions/node_modules/firebase-functions/lib/index.js\"}"}}
[debug] [2021-02-06T19:26:21.312Z] [runtime-status] [9326] Checked functions.config() {"config":{}} {"metadata":{"emulator":{"name":"functions"},"message":"[runtime-status] [9326] Checked functions.config() {\"config\":{}}"}}
[debug] [2021-02-06T19:26:21.312Z] [runtime-status] [9326] firebase-functions has been stubbed. {"functionsResolution":{"declared":true,"installed":true,"version":"3.13.1","resolution":"/home/dev/Projects/Sigma/functions/node_modules/firebase-functions/lib/index.js"}} {"metadata":{"emulator":{"name":"functions"},"message":"[runtime-status] [9326] firebase-functions has been stubbed. {\"functionsResolution\":{\"declared\":true,\"installed\":true,\"version\":\"3.13.1\",\"resolution\":\"/home/dev/Projects/Sigma/functions/node_modules/firebase-functions/lib/index.js\"}}"}}
[debug] [2021-02-06T19:26:21.312Z] [runtime-status] [9326] Resolved module firebase-functions {"declared":true,"installed":true,"version":"3.13.1","resolution":"/home/dev/Projects/Sigma/functions/node_modules/firebase-functions/lib/index.js"} {"metadata":{"emulator":{"name":"functions"},"message":"[runtime-status] [9326] Resolved module firebase-functions {\"declared\":true,\"installed\":true,\"version\":\"3.13.1\",\"resolution\":\"/home/dev/Projects/Sigma/functions/node_modules/firebase-functions/lib/index.js\"}"}}
[debug] [2021-02-06T19:26:21.315Z] [runtime-status] [9326] Resolved module firebase-admin {"declared":true,"installed":true,"version":"9.4.2","resolution":"/home/dev/Projects/Sigma/functions/node_modules/firebase-admin/lib/index.js"} {"metadata":{"emulator":{"name":"functions"},"message":"[runtime-status] [9326] Resolved module firebase-admin {\"declared\":true,\"installed\":true,\"version\":\"9.4.2\",\"resolution\":\"/home/dev/Projects/Sigma/functions/node_modules/firebase-admin/lib/index.js\"}"}}
[debug] [2021-02-06T19:26:21.316Z] [runtime-status] [9326] Resolved module firebase-functions {"declared":true,"installed":true,"version":"3.13.1","resolution":"/home/dev/Projects/Sigma/functions/node_modules/firebase-functions/lib/index.js"} {"metadata":{"emulator":{"name":"functions"},"message":"[runtime-status] [9326] Resolved module firebase-functions {\"declared\":true,\"installed\":true,\"version\":\"3.13.1\",\"resolution\":\"/home/dev/Projects/Sigma/functions/node_modules/firebase-functions/lib/index.js\"}"}}
[debug] [2021-02-06T19:26:21.316Z] [runtime-status] [9326] firebase-admin has been stubbed. {"adminResolution":{"declared":true,"installed":true,"version":"9.4.2","resolution":"/home/dev/Projects/Sigma/functions/node_modules/firebase-admin/lib/index.js"}} {"metadata":{"emulator":{"name":"functions"},"message":"[runtime-status] [9326] firebase-admin has been stubbed. {\"adminResolution\":{\"declared\":true,\"installed\":true,\"version\":\"9.4.2\",\"resolution\":\"/home/dev/Projects/Sigma/functions/node_modules/firebase-admin/lib/index.js\"}}"}}
[debug] [2021-02-06T19:26:21.319Z] [worker-~diagnostic~-6bb7eaff-840d-4a6f-978e-5d7b6cea4475]: IDLE {"metadata":{"emulator":{"name":"functions"},"message":"[worker-~diagnostic~-6bb7eaff-840d-4a6f-978e-5d7b6cea4475]: IDLE"}}
[info] 
┌─────────────────────────────────────────────────────────────┐
│ ✔  All emulators ready! It is now safe to connect your app. │
│ i  View Emulator UI at http://127.0.0.1:4000                │
└─────────────────────────────────────────────────────────────┘

┌────────────────┬────────────────┬─────────────────────────────────┐
│ Emulator       │ Host:Port      │ View in Emulator UI             │
├────────────────┼────────────────┼─────────────────────────────────┤
│ Authentication │ 127.0.0.1:9099 │ http://127.0.0.1:4000/auth      │
├────────────────┼────────────────┼─────────────────────────────────┤
│ Functions      │ 127.0.0.1:5001 │ http://127.0.0.1:4000/functions │
└────────────────┴────────────────┴─────────────────────────────────┘
  Emulator Hub running at 127.0.0.1:4400
  Other reserved ports: 4500

Issues? Report them at https://github.com/firebase/firebase-tools/issues and attach the *-debug.log files.
 
